
v=   99987654321.012344360351562
e=   99987654321.012344360351562   r=     1.0(10)e11     

v=   99987654321.012344360351562
e=       2999629.629630370531231   r=   9.99877(30)e10   

v=   99987654321.012344360351562
e=            89.988888888911120   r=   99987654321(90)  

v=   99987654321.012344360351562
e=             0.002699666666667   r=99987654321.0123(27)

v=   99987654321.012344360351562
e=             0.000000080990000   r=double precision less than error

v=   99987654321.012344360351562
e=             0.000000000002430   r=double precision less than error

v=   99987654321.012344360351562
e=             0.000000000000000   r=double precision less than error

v=       9998765.432101234793663
e=       9998765.432101234793663   r=      1.0(10)e7     

v=       9998765.432101234793663
e=           299.962962963037057   r=    9.99877(30)e6   

v=       9998765.432101234793663
e=             0.008998888888891   r=  9998765.4321(90)  

v=       9998765.432101234793663
e=             0.000000269966667   r=9998765.43210124(27)

v=       9998765.432101234793663
e=             0.000000000008099   r=double precision less than error

v=       9998765.432101234793663
e=             0.000000000000000   r=double precision less than error

v=           999.876543210123486
e=           999.876543210123486   r=      1.0(10)e3     

v=           999.876543210123486
e=             0.029996296296304   r=     999.877(30)    

v=           999.876543210123486
e=             0.000000899888889   r=  999.87654321(90)  

v=           999.876543210123486
e=             0.000000000026997   r=999.876543210124(27)

v=           999.876543210123486
e=             0.000000000000001   r=double precision less than error

v=           999.876543210123486
e=             0.000000000000000   r=double precision less than error

v=             0.099987654321012
e=             0.099987654321012   r=      0.10(10)      

v=             0.099987654321012
e=             0.000002999629630   r=    0.0999877(30)   

v=             0.099987654321012
e=             0.000000000089989   r= 0.099987654321(90) 

v=             0.099987654321012
e=             0.000000000000003   r=0.0999876543210124(27)

v=             0.099987654321012
e=             0.000000000000000   r=double precision less than error
sample value=    92345.677999999999884
       error=        0.345000000000000
       ppoe =           9.234568(35)e4
sample value=    92345.677999999999884
       error=        0.345000000000000
       ppoe =           9.234568(35)E4
sample value=    92345.677999999999884
       error=        0.345000000000000
       ppoe =             92345.68(35)
sample value=                      inf
       error=        0.345000000000000
       ppoe =value is infinit
sample value=    92345.677999999999884
       error=                      inf
       ppoe =error is infinit
sample value=                     -nan
       error=        0.345000000000000
       ppoe =value is not a number
sample value=    92345.677999999999884
       error=                     -nan
       ppoe =error is not a number
sample value=    92345.677999999999884
       error=        0.345000000000000
       ppoe =           9.234568(35)e4
       ppoe =           9.234568(35)E4
       ppoe =             92345.68(35)
       ppoe =             92345.68(35)
FormatC("%25.2lf");                        // leads to                  92345.68                             92345.68(35)
FormatC("%-25.2lf");                       // leads to 92345.68                                 92345.68(35)             
FormatC("%-+25.2lf");                      // leads to +92345.68                                +92345.68(35)            
FormatC("%- 25.2lf");                      // leads to  92345.68                                 92345.68(35)            
FormatC("%-025.2lf");                      // leads to 92345.68                                 92345.68(35)             
FormatC("%-+025.2lf");                     // leads to +92345.68                                +92345.68(35)            
FormatC("%- 025.2lf");                     // leads to  92345.68                                 92345.68(35)            
FormatC("% 25.2lf");                       // leads to                  92345.68                             92345.68(35)
FormatC("%#25.2lf");                       // leads to                  92345.68                             92345.68(35)
FormatC("%025.2lf");                       // leads to 0000000000000000092345.68                000000000000092345.68(35)
FormatC("%0-25.2lf");                      // leads to 92345.68                                 92345.68(35)             
FormatC("%0+025.2lf");                     // leads to +000000000000000092345.68                000000000000+92345.68(35)
FormatC("%0 25.2lf");                      // leads to  000000000000000092345.68                000000000000 92345.68(35)
FormatC("%0-#25.2lf");                     // leads to 92345.68                                 92345.68(35)             
FormatC("%.2lf");                          // leads to 92345.68                                 92345.68(35)
FormatC("%25.2lf");                        // leads to                  92345.68                             92345.68(35)
FormatC("%-25.2lf");                       // leads to 92345.68                                 92345.68(35)             
FormatC("%-+25.2lf");                      // leads to +92345.68                                +92345.68(35)            
FormatC("%- 25.2lf");                      // leads to  92345.68                                 92345.68(35)            
FormatC("%-025.2lf");                      // leads to 92345.68                                 92345.68(35)             
FormatC("%-+025.2lf");                     // leads to +92345.68                                +92345.68(35)            
FormatC("%- 025.2lf");                     // leads to  92345.68                                 92345.68(35)            
FormatC("% 25.2lf");                       // leads to                  92345.68                             92345.68(35)
FormatC("%#25.2lf");                       // leads to                  92345.68                             92345.68(35)
FormatC("%025.2lf");                       // leads to 0000000000000000092345.68                000000000000092345.68(35)
FormatC("%0-25.2lf");                      // leads to 92345.68                                 92345.68(35)             
FormatC("%0+025.2lf");                     // leads to +000000000000000092345.68                000000000000+92345.68(35)
FormatC("%0 25.2lf");                      // leads to  000000000000000092345.68                000000000000 92345.68(35)
FormatC("%0-#25.2lf");                     // leads to 92345.68                                 92345.68(35)             
FormatC("%.2lf");                          // leads to 92345.68                                 92345.68(35)
Using C++ stream
C++ format string uses fFeEgG         92345.68(35) 
FormatCPP("plain       {:20.2E}");           // leads to plain                   9.23E+04         plain             9.234568(35)E4
FormatCPP("left        {0:X<20.2E}");        // leads to left        9.23E+04XXXXXXXXXXXX         left        9.234568(35)E4XXXXXX
FormatCPP("right       {0:X>20.2E}");        // leads to right       XXXXXXXXXXXX9.23E+04         right       XXXXXX9.234568(35)E4
FormatCPP("middle      {0:X^20.2E}");        // leads to middle      XXXXXX9.23E+04XXXXXX         middle      XXX9.234568(35)E4XXX
FormatCPP("middle      {0:X^ 20.2E}");       // leads to middle      XXXXX 9.23E+04XXXXXX         middle      XXX9.234568(35)E4XXX
FormatCPP("always plus {0:+.2E}");           // leads to always plus +9.23E+04                    always plus +9.234568(35)E4
FormatCPP("only minus  {0:-.2E}");           // leads to only minus  9.23E+04                     only minus   9.234568(35)E4
FormatCPP("leading ' ' {0: .2E}");           // leads to leading ' '  9.23E+04                    leading ' ' 9.234568(35)E4
FormatCPP("mixed       {0:20.2g}");          // leads to mixed                    9.2e+04         mixed               92345.68(35)
FormatCPP("fixed       {0:20.2f}");          // leads to fixed                   92345.68         fixed               92345.68(35)
FormatCPP("exponent    {0:20.2e}");          // leads to exponent                9.23e+04         exponent          9.234568(35)e4
fixed format with ppoe::print 92345.68(35)
